2019-08-31 13:14:38,090 INFO o.a.j.u.JMeterUtils: Setting Locale to en_EN
2019-08-31 13:14:38,130 INFO o.a.j.JMeter: Loading user properties from: C:\herramientas\apache-jmeter-4.0\bin\user.properties
2019-08-31 13:14:38,130 INFO o.a.j.JMeter: Loading system properties from: C:\herramientas\apache-jmeter-4.0\bin\system.properties
2019-08-31 13:14:38,130 INFO o.a.j.JMeter: Setting JMeter property: jmeter.save.saveservice.output_format=xml
2019-08-31 13:14:38,141 INFO o.a.j.JMeter: Copyright (c) 1998-2018 The Apache Software Foundation
2019-08-31 13:14:38,142 INFO o.a.j.JMeter: Version 4.0 r1823414
2019-08-31 13:14:38,142 INFO o.a.j.JMeter: java.version=1.8.0_181
2019-08-31 13:14:38,142 INFO o.a.j.JMeter: java.vm.name=Java HotSpot(TM) Client VM
2019-08-31 13:14:38,142 INFO o.a.j.JMeter: os.name=Windows 7
2019-08-31 13:14:38,142 INFO o.a.j.JMeter: os.arch=x86
2019-08-31 13:14:38,142 INFO o.a.j.JMeter: os.version=6.1
2019-08-31 13:14:38,142 INFO o.a.j.JMeter: file.encoding=Cp1252
2019-08-31 13:14:38,142 INFO o.a.j.JMeter: Max memory     =1073741824
2019-08-31 13:14:38,142 INFO o.a.j.JMeter: Available Processors =1
2019-08-31 13:14:38,150 INFO o.a.j.JMeter: Default Locale=English (EN)
2019-08-31 13:14:38,151 INFO o.a.j.JMeter: JMeter  Locale=English (EN)
2019-08-31 13:14:38,151 INFO o.a.j.JMeter: JMeterHome=C:\herramientas\apache-jmeter-4.0
2019-08-31 13:14:38,153 INFO o.a.j.JMeter: user.dir  =C:\workspace\wsDevOpsFinal\curso-devops-agosto-master
2019-08-31 13:14:38,154 INFO o.a.j.JMeter: PWD       =C:\workspace\wsDevOpsFinal\curso-devops-agosto-master
2019-08-31 13:14:38,155 INFO o.a.j.JMeter: IP: 172.16.151.132 Name: WIN-R9J0SJM9UNR FullName: 172.16.151.132
2019-08-31 13:14:38,170 INFO o.a.j.s.FileServer: Default base='C:\workspace\wsDevOpsFinal\curso-devops-agosto-master'
2019-08-31 13:14:38,206 INFO o.a.j.s.FileServer: Set new base='C:\workspace\wsDevOpsFinal\curso-devops-agosto-master\src\main\resources\jmeter'
2019-08-31 13:14:38,651 INFO o.a.j.s.SaveService: Testplan (JMX) version: 2.2. Testlog (JTL) version: 2.2
2019-08-31 13:14:38,713 INFO o.a.j.s.SaveService: Using SaveService properties file encoding UTF-8
2019-08-31 13:14:38,729 INFO o.a.j.s.SaveService: Using SaveService properties version 4.0
2019-08-31 13:14:38,744 INFO o.a.j.s.SaveService: Loading file: src\main\resources\jmeter\plan-pruebas-facturacion-web.jmx
2019-08-31 13:14:38,838 INFO o.a.j.p.h.s.HTTPSamplerBase: Parser for text/html is org.apache.jmeter.protocol.http.parser.LagartoBasedHtmlParser
2019-08-31 13:14:38,838 INFO o.a.j.p.h.s.HTTPSamplerBase: Parser for application/xhtml+xml is org.apache.jmeter.protocol.http.parser.LagartoBasedHtmlParser
2019-08-31 13:14:38,838 INFO o.a.j.p.h.s.HTTPSamplerBase: Parser for application/xml is org.apache.jmeter.protocol.http.parser.LagartoBasedHtmlParser
2019-08-31 13:14:38,838 INFO o.a.j.p.h.s.HTTPSamplerBase: Parser for text/xml is org.apache.jmeter.protocol.http.parser.LagartoBasedHtmlParser
2019-08-31 13:14:38,838 INFO o.a.j.p.h.s.HTTPSamplerBase: Parser for text/vnd.wap.wml is org.apache.jmeter.protocol.http.parser.RegexpHTMLParser
2019-08-31 13:14:38,838 INFO o.a.j.p.h.s.HTTPSamplerBase: Parser for text/css is org.apache.jmeter.protocol.http.parser.CssParser
2019-08-31 13:14:38,932 INFO o.a.j.e.KeyToolUtils: Exception checking for keytool existence, will return false, try another way.
2019-08-31 13:14:39,231 INFO o.a.j.e.KeyToolUtils: keytool found at 'C:\Program Files\Java\jre1.8.0_181\bin\keytool'
2019-08-31 13:14:39,231 INFO o.a.j.p.h.p.ProxyControl: HTTP(S) Test Script Recorder SSL Proxy will use keys that support embedded 3rd party resources in file C:\herramientas\apache-jmeter-4.0\bin\proxyserver.jks
2019-08-31 13:14:39,247 INFO o.a.j.JMeter: Creating summariser <summary>
2019-08-31 13:14:39,278 INFO o.a.j.e.StandardJMeterEngine: Running the test!
2019-08-31 13:14:39,278 INFO o.a.j.s.SampleEvent: List of sample_variables: []
2019-08-31 13:14:39,278 INFO o.a.j.s.SampleEvent: List of sample_variables: []
2019-08-31 13:14:39,278 INFO o.a.j.e.u.CompoundVariable: Note: Function class names must contain the string: '.functions.'
2019-08-31 13:14:39,278 INFO o.a.j.e.u.CompoundVariable: Note: Function class names must not contain the string: '.gui.'
2019-08-31 13:14:40,387 INFO o.a.j.JMeter: Running test (1567275280385)
2019-08-31 13:14:40,454 INFO o.a.j.e.StandardJMeterEngine: Starting ThreadGroup: 1 : Grupo de Hilos
2019-08-31 13:14:40,454 INFO o.a.j.e.StandardJMeterEngine: Starting 5 threads for group Grupo de Hilos.
2019-08-31 13:14:40,455 INFO o.a.j.e.StandardJMeterEngine: Thread will continue on error
2019-08-31 13:14:40,456 INFO o.a.j.t.ThreadGroup: Starting thread group... number=1 threads=5 ramp-up=1 perThread=200.0 delayedStart=false
2019-08-31 13:14:40,471 INFO o.a.j.t.ThreadGroup: Started thread group number 1
2019-08-31 13:14:40,471 INFO o.a.j.e.StandardJMeterEngine: All thread groups have been started
2019-08-31 13:14:40,937 INFO o.a.j.t.JMeterThread: Thread started: Grupo de Hilos 1-1
2019-08-31 13:14:40,939 INFO o.a.j.s.FileServer: Stored: C:\workspace\wsDevOpsFinal\curso-devops-agosto-master\src\main\resources\csv\empresas.csv
2019-08-31 13:14:41,004 INFO o.a.j.p.h.s.HTTPHCAbstractImpl: Local host = WIN-R9J0SJM9UNR
2019-08-31 13:14:41,018 INFO o.a.j.p.h.s.HTTPHC4Impl: HTTP request retry count = 0
2019-08-31 13:14:41,040 INFO o.a.j.s.SampleResult: Note: Sample TimeStamps are START times
2019-08-31 13:14:41,040 INFO o.a.j.s.SampleResult: sampleresult.default.encoding is set to ISO-8859-1
2019-08-31 13:14:41,040 INFO o.a.j.s.SampleResult: sampleresult.useNanoTime=true
2019-08-31 13:14:41,040 INFO o.a.j.s.SampleResult: sampleresult.nanoThreadSleep=5000
2019-08-31 13:14:41,235 INFO o.a.j.t.JMeterThread: Thread started: Grupo de Hilos 1-2
2019-08-31 13:14:41,353 INFO o.a.j.t.JMeterThread: Thread started: Grupo de Hilos 1-3
2019-08-31 13:14:41,557 INFO o.a.j.t.JMeterThread: Thread started: Grupo de Hilos 1-4
2019-08-31 13:14:41,713 INFO o.a.j.t.JMeterThread: Thread is done: Grupo de Hilos 1-3
2019-08-31 13:14:41,713 INFO o.a.j.t.JMeterThread: Thread finished: Grupo de Hilos 1-3
2019-08-31 13:14:41,760 INFO o.a.j.t.JMeterThread: Thread started: Grupo de Hilos 1-5
2019-08-31 13:14:42,181 INFO o.a.j.t.JMeterThread: Thread is done: Grupo de Hilos 1-1
2019-08-31 13:14:42,181 INFO o.a.j.t.JMeterThread: Thread finished: Grupo de Hilos 1-1
2019-08-31 13:14:42,212 INFO o.a.j.t.JMeterThread: Thread is done: Grupo de Hilos 1-4
2019-08-31 13:14:42,212 INFO o.a.j.t.JMeterThread: Thread finished: Grupo de Hilos 1-4
2019-08-31 13:14:42,228 INFO o.a.j.t.JMeterThread: Thread is done: Grupo de Hilos 1-2
2019-08-31 13:14:42,228 INFO o.a.j.t.JMeterThread: Thread finished: Grupo de Hilos 1-2
2019-08-31 13:14:42,306 INFO o.a.j.t.JMeterThread: Thread is done: Grupo de Hilos 1-5
2019-08-31 13:14:42,306 INFO o.a.j.t.JMeterThread: Thread finished: Grupo de Hilos 1-5
2019-08-31 13:14:42,306 INFO o.a.j.e.StandardJMeterEngine: Notifying test listeners of end of test
2019-08-31 13:14:42,306 INFO o.a.j.s.FileServer: Close: C:\workspace\wsDevOpsFinal\curso-devops-agosto-master\src\main\resources\csv\empresas.csv
2019-08-31 13:14:42,306 INFO o.a.j.r.Summariser: summary =     10 in 00:00:02 =    5.2/s Avg:   334 Min:    32 Max:   894 Err:     0 (0.00%)
